<?xml version="1.0"?>
<testsuite name="PhantomJS 2.1.1 (Linux 0.0.0)" package="" timestamp="2016-03-23T04:24:09" id="0" hostname="SCS-I01" tests="4" errors="0" failures="0" time="0.425">
  <properties>
    <property name="browser.fullName" value="Mozilla/5.0 (Unknown; Linux x86_64) AppleWebKit/538.1 (KHTML, like Gecko) PhantomJS/2.1.1 Safari/538.1"/>
  </properties>
  <testcase name="Calulator App Addition Operation 1 + 2 should equal 3" time="0.403" classname="PhantomJS_2_1_1_(Linux_0_0_0).Calulator App"/>
  <testcase name="Calulator App Subtraction Operation 1 - 2 should equal (-1)" time="0.008" classname="PhantomJS_2_1_1_(Linux_0_0_0).Calulator App"/>
  <testcase name="Calulator App Multiplication Operation 1 * 2 should equal 2" time="0.007" classname="PhantomJS_2_1_1_(Linux_0_0_0).Calulator App"/>
  <testcase name="Calulator App Division Operation 1 / 2 should equal (.5)" time="0.007" classname="PhantomJS_2_1_1_(Linux_0_0_0).Calulator App"/>
  <system-out>
    <![CDATA[
]]>
  </system-out>
  <system-err/>
</testsuite>